ERROR - 2022-01-10 11:53:16 --> Error connecting to the database: No connection could be made because the target machine actively refused it.

CRITICAL - 2022-01-10 11:53:17 --> Unable to connect to the database.
Main connection [MySQLi]: No connection could be made because the target machine actively refused it.

#0 D:\WEB SERVICES\WORKPLACE\CodeIgniter\centurytechnology\vendor\codeigniter4\framework\system\Database\BaseConnection.php(577): CodeIgniter\Database\BaseConnection->initialize()
#1 D:\WEB SERVICES\WORKPLACE\CodeIgniter\centurytechnology\vendor\codeigniter4\framework\system\Database\BaseBuilder.php(1527): CodeIgniter\Database\BaseConnection->query('SELECT COUNT(*)...', Array, false)
#2 D:\WEB SERVICES\WORKPLACE\CodeIgniter\centurytechnology\vendor\codeigniter4\framework\system\Model.php(509): CodeIgniter\Database\BaseBuilder->countAllResults(false)
#3 D:\WEB SERVICES\WORKPLACE\CodeIgniter\centurytechnology\vendor\codeigniter4\framework\system\BaseModel.php(1084): CodeIgniter\Model->countAllResults(false)
#4 D:\WEB SERVICES\WORKPLACE\CodeIgniter\centurytechnology\app\Controllers\Pages.php(79): CodeIgniter\BaseModel->paginate(6)
#5 D:\WEB SERVICES\WORKPLACE\CodeIgniter\centurytechnology\vendor\codeigniter4\framework\system\CodeIgniter.php(826): App\Controllers\Pages->articles()
#6 D:\WEB SERVICES\WORKPLACE\CodeIgniter\centurytechnology\vendor\codeigniter4\framework\system\CodeIgniter.php(412): CodeIgniter\CodeIgniter->runController(Object(App\Controllers\Pages))
#7 D:\WEB SERVICES\WORKPLACE\CodeIgniter\centurytechnology\vendor\codeigniter4\framework\system\CodeIgniter.php(320): CodeIgniter\CodeIgniter->handleRequest(NULL, Object(Config\Cache), false)
#8 D:\WEB SERVICES\WORKPLACE\CodeIgniter\centurytechnology\public\index.php(37): CodeIgniter\CodeIgniter->run()
#9 D:\WEB SERVICES\WORKPLACE\CodeIgniter\centurytechnology\vendor\codeigniter4\framework\system\Commands\Server\rewrite.php(43): require_once('D:\\WEB SERVICES...')
#10 {main}
CRITICAL - 2022-01-10 14:29:25 --> Call to a member function isValid() on null
#0 D:\WEB SERVICES\WORKPLACE\CodeIgniter\centurytechnology\vendor\codeigniter4\framework\system\CodeIgniter.php(826): App\Controllers\Posts->update()
#1 D:\WEB SERVICES\WORKPLACE\CodeIgniter\centurytechnology\vendor\codeigniter4\framework\system\CodeIgniter.php(412): CodeIgniter\CodeIgniter->runController(Object(App\Controllers\Posts))
#2 D:\WEB SERVICES\WORKPLACE\CodeIgniter\centurytechnology\vendor\codeigniter4\framework\system\CodeIgniter.php(320): CodeIgniter\CodeIgniter->handleRequest(NULL, Object(Config\Cache), false)
#3 D:\WEB SERVICES\WORKPLACE\CodeIgniter\centurytechnology\public\index.php(37): CodeIgniter\CodeIgniter->run()
#4 D:\WEB SERVICES\WORKPLACE\CodeIgniter\centurytechnology\vendor\codeigniter4\framework\system\Commands\Server\rewrite.php(43): require_once('D:\\WEB SERVICES...')
#5 {main}
CRITICAL - 2022-01-10 14:30:17 --> Call to a member function isValid() on null
#0 D:\WEB SERVICES\WORKPLACE\CodeIgniter\centurytechnology\vendor\codeigniter4\framework\system\CodeIgniter.php(826): App\Controllers\Posts->update()
#1 D:\WEB SERVICES\WORKPLACE\CodeIgniter\centurytechnology\vendor\codeigniter4\framework\system\CodeIgniter.php(412): CodeIgniter\CodeIgniter->runController(Object(App\Controllers\Posts))
#2 D:\WEB SERVICES\WORKPLACE\CodeIgniter\centurytechnology\vendor\codeigniter4\framework\system\CodeIgniter.php(320): CodeIgniter\CodeIgniter->handleRequest(NULL, Object(Config\Cache), false)
#3 D:\WEB SERVICES\WORKPLACE\CodeIgniter\centurytechnology\public\index.php(37): CodeIgniter\CodeIgniter->run()
#4 D:\WEB SERVICES\WORKPLACE\CodeIgniter\centurytechnology\vendor\codeigniter4\framework\system\Commands\Server\rewrite.php(43): require_once('D:\\WEB SERVICES...')
#5 {main}
CRITICAL - 2022-01-10 14:35:33 --> syntax error, unexpected '}', expecting ',' or ';'
#0 D:\WEB SERVICES\WORKPLACE\CodeIgniter\centurytechnology\vendor\codeigniter4\framework\system\Autoloader\Autoloader.php(241): CodeIgniter\Autoloader\Autoloader->includeFile('D:\\WEB SERVICES...')
#1 D:\WEB SERVICES\WORKPLACE\CodeIgniter\centurytechnology\vendor\codeigniter4\framework\system\Autoloader\Autoloader.php(219): CodeIgniter\Autoloader\Autoloader->loadInNamespace('App\\Controllers...')
#2 [internal function]: CodeIgniter\Autoloader\Autoloader->loadClass('App\\Controllers...')
#3 [internal function]: spl_autoload_call('App\\Controllers...')
#4 D:\WEB SERVICES\WORKPLACE\CodeIgniter\centurytechnology\vendor\codeigniter4\framework\system\CodeIgniter.php(791): class_exists('\\App\\Controller...', true)
#5 D:\WEB SERVICES\WORKPLACE\CodeIgniter\centurytechnology\vendor\codeigniter4\framework\system\CodeIgniter.php(399): CodeIgniter\CodeIgniter->startController()
#6 D:\WEB SERVICES\WORKPLACE\CodeIgniter\centurytechnology\vendor\codeigniter4\framework\system\CodeIgniter.php(320): CodeIgniter\CodeIgniter->handleRequest(NULL, Object(Config\Cache), false)
#7 D:\WEB SERVICES\WORKPLACE\CodeIgniter\centurytechnology\public\index.php(37): CodeIgniter\CodeIgniter->run()
#8 D:\WEB SERVICES\WORKPLACE\CodeIgniter\centurytechnology\vendor\codeigniter4\framework\system\Commands\Server\rewrite.php(43): require_once('D:\\WEB SERVICES...')
#9 {main}
CRITICAL - 2022-01-10 14:35:39 --> syntax error, unexpected '}', expecting ',' or ';'
#0 D:\WEB SERVICES\WORKPLACE\CodeIgniter\centurytechnology\vendor\codeigniter4\framework\system\Autoloader\Autoloader.php(241): CodeIgniter\Autoloader\Autoloader->includeFile('D:\\WEB SERVICES...')
#1 D:\WEB SERVICES\WORKPLACE\CodeIgniter\centurytechnology\vendor\codeigniter4\framework\system\Autoloader\Autoloader.php(219): CodeIgniter\Autoloader\Autoloader->loadInNamespace('App\\Controllers...')
#2 [internal function]: CodeIgniter\Autoloader\Autoloader->loadClass('App\\Controllers...')
#3 [internal function]: spl_autoload_call('App\\Controllers...')
#4 D:\WEB SERVICES\WORKPLACE\CodeIgniter\centurytechnology\vendor\codeigniter4\framework\system\CodeIgniter.php(791): class_exists('\\App\\Controller...', true)
#5 D:\WEB SERVICES\WORKPLACE\CodeIgniter\centurytechnology\vendor\codeigniter4\framework\system\CodeIgniter.php(399): CodeIgniter\CodeIgniter->startController()
#6 D:\WEB SERVICES\WORKPLACE\CodeIgniter\centurytechnology\vendor\codeigniter4\framework\system\CodeIgniter.php(320): CodeIgniter\CodeIgniter->handleRequest(NULL, Object(Config\Cache), false)
#7 D:\WEB SERVICES\WORKPLACE\CodeIgniter\centurytechnology\public\index.php(37): CodeIgniter\CodeIgniter->run()
#8 D:\WEB SERVICES\WORKPLACE\CodeIgniter\centurytechnology\vendor\codeigniter4\framework\system\Commands\Server\rewrite.php(43): require_once('D:\\WEB SERVICES...')
#9 {main}
CRITICAL - 2022-01-10 14:35:41 --> syntax error, unexpected '}', expecting ',' or ';'
#0 D:\WEB SERVICES\WORKPLACE\CodeIgniter\centurytechnology\vendor\codeigniter4\framework\system\Autoloader\Autoloader.php(241): CodeIgniter\Autoloader\Autoloader->includeFile('D:\\WEB SERVICES...')
#1 D:\WEB SERVICES\WORKPLACE\CodeIgniter\centurytechnology\vendor\codeigniter4\framework\system\Autoloader\Autoloader.php(219): CodeIgniter\Autoloader\Autoloader->loadInNamespace('App\\Controllers...')
#2 [internal function]: CodeIgniter\Autoloader\Autoloader->loadClass('App\\Controllers...')
#3 [internal function]: spl_autoload_call('App\\Controllers...')
#4 D:\WEB SERVICES\WORKPLACE\CodeIgniter\centurytechnology\vendor\codeigniter4\framework\system\CodeIgniter.php(791): class_exists('\\App\\Controller...', true)
#5 D:\WEB SERVICES\WORKPLACE\CodeIgniter\centurytechnology\vendor\codeigniter4\framework\system\CodeIgniter.php(399): CodeIgniter\CodeIgniter->startController()
#6 D:\WEB SERVICES\WORKPLACE\CodeIgniter\centurytechnology\vendor\codeigniter4\framework\system\CodeIgniter.php(320): CodeIgniter\CodeIgniter->handleRequest(NULL, Object(Config\Cache), false)
#7 D:\WEB SERVICES\WORKPLACE\CodeIgniter\centurytechnology\public\index.php(37): CodeIgniter\CodeIgniter->run()
#8 D:\WEB SERVICES\WORKPLACE\CodeIgniter\centurytechnology\vendor\codeigniter4\framework\system\Commands\Server\rewrite.php(43): require_once('D:\\WEB SERVICES...')
#9 {main}
CRITICAL - 2022-01-10 14:35:49 --> syntax error, unexpected '}', expecting ',' or ';'
#0 D:\WEB SERVICES\WORKPLACE\CodeIgniter\centurytechnology\vendor\codeigniter4\framework\system\Autoloader\Autoloader.php(241): CodeIgniter\Autoloader\Autoloader->includeFile('D:\\WEB SERVICES...')
#1 D:\WEB SERVICES\WORKPLACE\CodeIgniter\centurytechnology\vendor\codeigniter4\framework\system\Autoloader\Autoloader.php(219): CodeIgniter\Autoloader\Autoloader->loadInNamespace('App\\Controllers...')
#2 [internal function]: CodeIgniter\Autoloader\Autoloader->loadClass('App\\Controllers...')
#3 [internal function]: spl_autoload_call('App\\Controllers...')
#4 D:\WEB SERVICES\WORKPLACE\CodeIgniter\centurytechnology\vendor\codeigniter4\framework\system\CodeIgniter.php(791): class_exists('\\App\\Controller...', true)
#5 D:\WEB SERVICES\WORKPLACE\CodeIgniter\centurytechnology\vendor\codeigniter4\framework\system\CodeIgniter.php(399): CodeIgniter\CodeIgniter->startController()
#6 D:\WEB SERVICES\WORKPLACE\CodeIgniter\centurytechnology\vendor\codeigniter4\framework\system\CodeIgniter.php(320): CodeIgniter\CodeIgniter->handleRequest(NULL, Object(Config\Cache), false)
#7 D:\WEB SERVICES\WORKPLACE\CodeIgniter\centurytechnology\public\index.php(37): CodeIgniter\CodeIgniter->run()
#8 D:\WEB SERVICES\WORKPLACE\CodeIgniter\centurytechnology\vendor\codeigniter4\framework\system\Commands\Server\rewrite.php(43): require_once('D:\\WEB SERVICES...')
#9 {main}
CRITICAL - 2022-01-10 14:35:58 --> syntax error, unexpected '}', expecting ',' or ';'
#0 D:\WEB SERVICES\WORKPLACE\CodeIgniter\centurytechnology\vendor\codeigniter4\framework\system\Autoloader\Autoloader.php(241): CodeIgniter\Autoloader\Autoloader->includeFile('D:\\WEB SERVICES...')
#1 D:\WEB SERVICES\WORKPLACE\CodeIgniter\centurytechnology\vendor\codeigniter4\framework\system\Autoloader\Autoloader.php(219): CodeIgniter\Autoloader\Autoloader->loadInNamespace('App\\Controllers...')
#2 [internal function]: CodeIgniter\Autoloader\Autoloader->loadClass('App\\Controllers...')
#3 [internal function]: spl_autoload_call('App\\Controllers...')
#4 D:\WEB SERVICES\WORKPLACE\CodeIgniter\centurytechnology\vendor\codeigniter4\framework\system\CodeIgniter.php(791): class_exists('\\App\\Controller...', true)
#5 D:\WEB SERVICES\WORKPLACE\CodeIgniter\centurytechnology\vendor\codeigniter4\framework\system\CodeIgniter.php(399): CodeIgniter\CodeIgniter->startController()
#6 D:\WEB SERVICES\WORKPLACE\CodeIgniter\centurytechnology\vendor\codeigniter4\framework\system\CodeIgniter.php(320): CodeIgniter\CodeIgniter->handleRequest(NULL, Object(Config\Cache), false)
#7 D:\WEB SERVICES\WORKPLACE\CodeIgniter\centurytechnology\public\index.php(37): CodeIgniter\CodeIgniter->run()
#8 D:\WEB SERVICES\WORKPLACE\CodeIgniter\centurytechnology\vendor\codeigniter4\framework\system\Commands\Server\rewrite.php(43): require_once('D:\\WEB SERVICES...')
#9 {main}
CRITICAL - 2022-01-10 14:35:59 --> syntax error, unexpected '}', expecting ',' or ';'
#0 D:\WEB SERVICES\WORKPLACE\CodeIgniter\centurytechnology\vendor\codeigniter4\framework\system\Autoloader\Autoloader.php(241): CodeIgniter\Autoloader\Autoloader->includeFile('D:\\WEB SERVICES...')
#1 D:\WEB SERVICES\WORKPLACE\CodeIgniter\centurytechnology\vendor\codeigniter4\framework\system\Autoloader\Autoloader.php(219): CodeIgniter\Autoloader\Autoloader->loadInNamespace('App\\Controllers...')
#2 [internal function]: CodeIgniter\Autoloader\Autoloader->loadClass('App\\Controllers...')
#3 [internal function]: spl_autoload_call('App\\Controllers...')
#4 D:\WEB SERVICES\WORKPLACE\CodeIgniter\centurytechnology\vendor\codeigniter4\framework\system\CodeIgniter.php(791): class_exists('\\App\\Controller...', true)
#5 D:\WEB SERVICES\WORKPLACE\CodeIgniter\centurytechnology\vendor\codeigniter4\framework\system\CodeIgniter.php(399): CodeIgniter\CodeIgniter->startController()
#6 D:\WEB SERVICES\WORKPLACE\CodeIgniter\centurytechnology\vendor\codeigniter4\framework\system\CodeIgniter.php(320): CodeIgniter\CodeIgniter->handleRequest(NULL, Object(Config\Cache), false)
#7 D:\WEB SERVICES\WORKPLACE\CodeIgniter\centurytechnology\public\index.php(37): CodeIgniter\CodeIgniter->run()
#8 D:\WEB SERVICES\WORKPLACE\CodeIgniter\centurytechnology\vendor\codeigniter4\framework\system\Commands\Server\rewrite.php(43): require_once('D:\\WEB SERVICES...')
#9 {main}
CRITICAL - 2022-01-10 14:37:22 --> Call to a member function isValid() on null
#0 D:\WEB SERVICES\WORKPLACE\CodeIgniter\centurytechnology\vendor\codeigniter4\framework\system\CodeIgniter.php(826): App\Controllers\Posts->update()
#1 D:\WEB SERVICES\WORKPLACE\CodeIgniter\centurytechnology\vendor\codeigniter4\framework\system\CodeIgniter.php(412): CodeIgniter\CodeIgniter->runController(Object(App\Controllers\Posts))
#2 D:\WEB SERVICES\WORKPLACE\CodeIgniter\centurytechnology\vendor\codeigniter4\framework\system\CodeIgniter.php(320): CodeIgniter\CodeIgniter->handleRequest(NULL, Object(Config\Cache), false)
#3 D:\WEB SERVICES\WORKPLACE\CodeIgniter\centurytechnology\public\index.php(37): CodeIgniter\CodeIgniter->run()
#4 D:\WEB SERVICES\WORKPLACE\CodeIgniter\centurytechnology\vendor\codeigniter4\framework\system\Commands\Server\rewrite.php(43): require_once('D:\\WEB SERVICES...')
#5 {main}
CRITICAL - 2022-01-10 15:00:26 --> Call to a member function isValid() on null
#0 D:\WEB SERVICES\WORKPLACE\CodeIgniter\centurytechnology\vendor\codeigniter4\framework\system\CodeIgniter.php(826): App\Controllers\Posts->update('still-there-is-...')
#1 D:\WEB SERVICES\WORKPLACE\CodeIgniter\centurytechnology\vendor\codeigniter4\framework\system\CodeIgniter.php(412): CodeIgniter\CodeIgniter->runController(Object(App\Controllers\Posts))
#2 D:\WEB SERVICES\WORKPLACE\CodeIgniter\centurytechnology\vendor\codeigniter4\framework\system\CodeIgniter.php(320): CodeIgniter\CodeIgniter->handleRequest(NULL, Object(Config\Cache), false)
#3 D:\WEB SERVICES\WORKPLACE\CodeIgniter\centurytechnology\public\index.php(37): CodeIgniter\CodeIgniter->run()
#4 D:\WEB SERVICES\WORKPLACE\CodeIgniter\centurytechnology\vendor\codeigniter4\framework\system\Commands\Server\rewrite.php(43): require_once('D:\\WEB SERVICES...')
#5 {main}
CRITICAL - 2022-01-10 15:01:39 --> Call to a member function isValid() on null
#0 D:\WEB SERVICES\WORKPLACE\CodeIgniter\centurytechnology\vendor\codeigniter4\framework\system\CodeIgniter.php(826): App\Controllers\Posts->update('still-there-is-...')
#1 D:\WEB SERVICES\WORKPLACE\CodeIgniter\centurytechnology\vendor\codeigniter4\framework\system\CodeIgniter.php(412): CodeIgniter\CodeIgniter->runController(Object(App\Controllers\Posts))
#2 D:\WEB SERVICES\WORKPLACE\CodeIgniter\centurytechnology\vendor\codeigniter4\framework\system\CodeIgniter.php(320): CodeIgniter\CodeIgniter->handleRequest(NULL, Object(Config\Cache), false)
#3 D:\WEB SERVICES\WORKPLACE\CodeIgniter\centurytechnology\public\index.php(37): CodeIgniter\CodeIgniter->run()
#4 D:\WEB SERVICES\WORKPLACE\CodeIgniter\centurytechnology\vendor\codeigniter4\framework\system\Commands\Server\rewrite.php(43): require_once('D:\\WEB SERVICES...')
#5 {main}
CRITICAL - 2022-01-10 15:02:33 --> Call to a member function isValid() on null
#0 D:\WEB SERVICES\WORKPLACE\CodeIgniter\centurytechnology\vendor\codeigniter4\framework\system\CodeIgniter.php(826): App\Controllers\Posts->update('still-there-is-...')
#1 D:\WEB SERVICES\WORKPLACE\CodeIgniter\centurytechnology\vendor\codeigniter4\framework\system\CodeIgniter.php(412): CodeIgniter\CodeIgniter->runController(Object(App\Controllers\Posts))
#2 D:\WEB SERVICES\WORKPLACE\CodeIgniter\centurytechnology\vendor\codeigniter4\framework\system\CodeIgniter.php(320): CodeIgniter\CodeIgniter->handleRequest(NULL, Object(Config\Cache), false)
#3 D:\WEB SERVICES\WORKPLACE\CodeIgniter\centurytechnology\public\index.php(37): CodeIgniter\CodeIgniter->run()
#4 D:\WEB SERVICES\WORKPLACE\CodeIgniter\centurytechnology\vendor\codeigniter4\framework\system\Commands\Server\rewrite.php(43): require_once('D:\\WEB SERVICES...')
#5 {main}
CRITICAL - 2022-01-10 15:03:22 --> Call to a member function isValid() on null
#0 D:\WEB SERVICES\WORKPLACE\CodeIgniter\centurytechnology\vendor\codeigniter4\framework\system\CodeIgniter.php(826): App\Controllers\Posts->update('how-much-should...')
#1 D:\WEB SERVICES\WORKPLACE\CodeIgniter\centurytechnology\vendor\codeigniter4\framework\system\CodeIgniter.php(412): CodeIgniter\CodeIgniter->runController(Object(App\Controllers\Posts))
#2 D:\WEB SERVICES\WORKPLACE\CodeIgniter\centurytechnology\vendor\codeigniter4\framework\system\CodeIgniter.php(320): CodeIgniter\CodeIgniter->handleRequest(NULL, Object(Config\Cache), false)
#3 D:\WEB SERVICES\WORKPLACE\CodeIgniter\centurytechnology\public\index.php(37): CodeIgniter\CodeIgniter->run()
#4 D:\WEB SERVICES\WORKPLACE\CodeIgniter\centurytechnology\vendor\codeigniter4\framework\system\Commands\Server\rewrite.php(43): require_once('D:\\WEB SERVICES...')
#5 {main}
CRITICAL - 2022-01-10 15:03:35 --> Call to a member function isValid() on null
#0 D:\WEB SERVICES\WORKPLACE\CodeIgniter\centurytechnology\vendor\codeigniter4\framework\system\CodeIgniter.php(826): App\Controllers\Posts->update('how-much-should...')
#1 D:\WEB SERVICES\WORKPLACE\CodeIgniter\centurytechnology\vendor\codeigniter4\framework\system\CodeIgniter.php(412): CodeIgniter\CodeIgniter->runController(Object(App\Controllers\Posts))
#2 D:\WEB SERVICES\WORKPLACE\CodeIgniter\centurytechnology\vendor\codeigniter4\framework\system\CodeIgniter.php(320): CodeIgniter\CodeIgniter->handleRequest(NULL, Object(Config\Cache), false)
#3 D:\WEB SERVICES\WORKPLACE\CodeIgniter\centurytechnology\public\index.php(37): CodeIgniter\CodeIgniter->run()
#4 D:\WEB SERVICES\WORKPLACE\CodeIgniter\centurytechnology\vendor\codeigniter4\framework\system\Commands\Server\rewrite.php(43): require_once('D:\\WEB SERVICES...')
#5 {main}
