CRITICAL - 2022-01-06 10:45:25 --> Invalid file: posts/post-create.php
#0 D:\WEB SERVICES\WORKPLACE\CodeIgniter\centurytechnology\vendor\codeigniter4\framework\system\View\View.php(198): CodeIgniter\Exceptions\FrameworkException::forInvalidFile('posts/post-crea...')
#1 D:\WEB SERVICES\WORKPLACE\CodeIgniter\centurytechnology\vendor\codeigniter4\framework\system\Common.php(1097): CodeIgniter\View\View->render('posts/post-crea...', Array, true)
#2 D:\WEB SERVICES\WORKPLACE\CodeIgniter\centurytechnology\app\Controllers\Posts.php(52): view('posts/post-crea...')
#3 D:\WEB SERVICES\WORKPLACE\CodeIgniter\centurytechnology\vendor\codeigniter4\framework\system\CodeIgniter.php(826): App\Controllers\Posts->create()
#4 D:\WEB SERVICES\WORKPLACE\CodeIgniter\centurytechnology\vendor\codeigniter4\framework\system\CodeIgniter.php(412): CodeIgniter\CodeIgniter->runController(Object(App\Controllers\Posts))
#5 D:\WEB SERVICES\WORKPLACE\CodeIgniter\centurytechnology\vendor\codeigniter4\framework\system\CodeIgniter.php(320): CodeIgniter\CodeIgniter->handleRequest(NULL, Object(Config\Cache), false)
#6 D:\WEB SERVICES\WORKPLACE\CodeIgniter\centurytechnology\public\index.php(37): CodeIgniter\CodeIgniter->run()
#7 D:\WEB SERVICES\WORKPLACE\CodeIgniter\centurytechnology\vendor\codeigniter4\framework\system\Commands\Server\rewrite.php(43): require_once('D:\\WEB SERVICES...')
#8 {main}
CRITICAL - 2022-01-06 10:46:16 --> Invalid file: posts/post-create.php
#0 D:\WEB SERVICES\WORKPLACE\CodeIgniter\centurytechnology\vendor\codeigniter4\framework\system\View\View.php(198): CodeIgniter\Exceptions\FrameworkException::forInvalidFile('posts/post-crea...')
#1 D:\WEB SERVICES\WORKPLACE\CodeIgniter\centurytechnology\vendor\codeigniter4\framework\system\Common.php(1097): CodeIgniter\View\View->render('posts/post-crea...', Array, true)
#2 D:\WEB SERVICES\WORKPLACE\CodeIgniter\centurytechnology\app\Controllers\Posts.php(52): view('posts/post-crea...')
#3 D:\WEB SERVICES\WORKPLACE\CodeIgniter\centurytechnology\vendor\codeigniter4\framework\system\CodeIgniter.php(826): App\Controllers\Posts->create()
#4 D:\WEB SERVICES\WORKPLACE\CodeIgniter\centurytechnology\vendor\codeigniter4\framework\system\CodeIgniter.php(412): CodeIgniter\CodeIgniter->runController(Object(App\Controllers\Posts))
#5 D:\WEB SERVICES\WORKPLACE\CodeIgniter\centurytechnology\vendor\codeigniter4\framework\system\CodeIgniter.php(320): CodeIgniter\CodeIgniter->handleRequest(NULL, Object(Config\Cache), false)
#6 D:\WEB SERVICES\WORKPLACE\CodeIgniter\centurytechnology\public\index.php(37): CodeIgniter\CodeIgniter->run()
#7 D:\WEB SERVICES\WORKPLACE\CodeIgniter\centurytechnology\vendor\codeigniter4\framework\system\Commands\Server\rewrite.php(43): require_once('D:\\WEB SERVICES...')
#8 {main}
CRITICAL - 2022-01-06 10:53:35 -->  route cannot be found while reverse-routing.
#0 D:\WEB SERVICES\WORKPLACE\CodeIgniter\centurytechnology\vendor\codeigniter4\framework\system\HTTP\RedirectResponse.php(56): CodeIgniter\HTTP\Exceptions\HTTPException::forInvalidRedirectRoute('')
#1 D:\WEB SERVICES\WORKPLACE\CodeIgniter\centurytechnology\vendor\codeigniter4\framework\system\Common.php(840): CodeIgniter\HTTP\RedirectResponse->route(false)
#2 D:\WEB SERVICES\WORKPLACE\CodeIgniter\centurytechnology\app\Controllers\Posts.php(50): redirect('/dashboard/post...')
#3 D:\WEB SERVICES\WORKPLACE\CodeIgniter\centurytechnology\vendor\codeigniter4\framework\system\CodeIgniter.php(826): App\Controllers\Posts->create()
#4 D:\WEB SERVICES\WORKPLACE\CodeIgniter\centurytechnology\vendor\codeigniter4\framework\system\CodeIgniter.php(412): CodeIgniter\CodeIgniter->runController(Object(App\Controllers\Posts))
#5 D:\WEB SERVICES\WORKPLACE\CodeIgniter\centurytechnology\vendor\codeigniter4\framework\system\CodeIgniter.php(320): CodeIgniter\CodeIgniter->handleRequest(NULL, Object(Config\Cache), false)
#6 D:\WEB SERVICES\WORKPLACE\CodeIgniter\centurytechnology\public\index.php(37): CodeIgniter\CodeIgniter->run()
#7 D:\WEB SERVICES\WORKPLACE\CodeIgniter\centurytechnology\vendor\codeigniter4\framework\system\Commands\Server\rewrite.php(43): require_once('D:\\WEB SERVICES...')
#8 {main}
CRITICAL - 2022-01-06 11:17:15 --> Invalid file: posts/post-view.php
#0 D:\WEB SERVICES\WORKPLACE\CodeIgniter\centurytechnology\vendor\codeigniter4\framework\system\View\View.php(198): CodeIgniter\Exceptions\FrameworkException::forInvalidFile('posts/post-view...')
#1 D:\WEB SERVICES\WORKPLACE\CodeIgniter\centurytechnology\vendor\codeigniter4\framework\system\Common.php(1097): CodeIgniter\View\View->render('posts/post-view', Array, true)
#2 D:\WEB SERVICES\WORKPLACE\CodeIgniter\centurytechnology\app\Controllers\Posts.php(33): view('posts/post-view', Array)
#3 D:\WEB SERVICES\WORKPLACE\CodeIgniter\centurytechnology\vendor\codeigniter4\framework\system\CodeIgniter.php(826): App\Controllers\Posts->view('aaaaaaaaaaaaaaa...')
#4 D:\WEB SERVICES\WORKPLACE\CodeIgniter\centurytechnology\vendor\codeigniter4\framework\system\CodeIgniter.php(412): CodeIgniter\CodeIgniter->runController(Object(App\Controllers\Posts))
#5 D:\WEB SERVICES\WORKPLACE\CodeIgniter\centurytechnology\vendor\codeigniter4\framework\system\CodeIgniter.php(320): CodeIgniter\CodeIgniter->handleRequest(NULL, Object(Config\Cache), false)
#6 D:\WEB SERVICES\WORKPLACE\CodeIgniter\centurytechnology\public\index.php(37): CodeIgniter\CodeIgniter->run()
#7 D:\WEB SERVICES\WORKPLACE\CodeIgniter\centurytechnology\vendor\codeigniter4\framework\system\Commands\Server\rewrite.php(43): require_once('D:\\WEB SERVICES...')
#8 {main}
CRITICAL - 2022-01-06 12:38:54 --> Call to a member function delete() on array
#0 D:\WEB SERVICES\WORKPLACE\CodeIgniter\centurytechnology\vendor\codeigniter4\framework\system\CodeIgniter.php(826): App\Controllers\Posts->delete('aaaaaaaaaaaaaaa...')
#1 D:\WEB SERVICES\WORKPLACE\CodeIgniter\centurytechnology\vendor\codeigniter4\framework\system\CodeIgniter.php(412): CodeIgniter\CodeIgniter->runController(Object(App\Controllers\Posts))
#2 D:\WEB SERVICES\WORKPLACE\CodeIgniter\centurytechnology\vendor\codeigniter4\framework\system\CodeIgniter.php(320): CodeIgniter\CodeIgniter->handleRequest(NULL, Object(Config\Cache), false)
#3 D:\WEB SERVICES\WORKPLACE\CodeIgniter\centurytechnology\public\index.php(37): CodeIgniter\CodeIgniter->run()
#4 D:\WEB SERVICES\WORKPLACE\CodeIgniter\centurytechnology\vendor\codeigniter4\framework\system\Commands\Server\rewrite.php(43): require_once('D:\\WEB SERVICES...')
#5 {main}
CRITICAL - 2022-01-06 12:42:06 --> Call to a member function delete() on array
#0 D:\WEB SERVICES\WORKPLACE\CodeIgniter\centurytechnology\vendor\codeigniter4\framework\system\CodeIgniter.php(826): App\Controllers\Posts->delete('gggggggggggggg')
#1 D:\WEB SERVICES\WORKPLACE\CodeIgniter\centurytechnology\vendor\codeigniter4\framework\system\CodeIgniter.php(412): CodeIgniter\CodeIgniter->runController(Object(App\Controllers\Posts))
#2 D:\WEB SERVICES\WORKPLACE\CodeIgniter\centurytechnology\vendor\codeigniter4\framework\system\CodeIgniter.php(320): CodeIgniter\CodeIgniter->handleRequest(NULL, Object(Config\Cache), false)
#3 D:\WEB SERVICES\WORKPLACE\CodeIgniter\centurytechnology\public\index.php(37): CodeIgniter\CodeIgniter->run()
#4 D:\WEB SERVICES\WORKPLACE\CodeIgniter\centurytechnology\vendor\codeigniter4\framework\system\Commands\Server\rewrite.php(43): require_once('D:\\WEB SERVICES...')
#5 {main}
CRITICAL - 2022-01-06 13:57:21 --> Invalid file: login.php
#0 D:\WEB SERVICES\WORKPLACE\CodeIgniter\centurytechnology\vendor\codeigniter4\framework\system\View\View.php(198): CodeIgniter\Exceptions\FrameworkException::forInvalidFile('login.php')
#1 D:\WEB SERVICES\WORKPLACE\CodeIgniter\centurytechnology\vendor\codeigniter4\framework\system\Common.php(1097): CodeIgniter\View\View->render('login', Array, true)
#2 D:\WEB SERVICES\WORKPLACE\CodeIgniter\centurytechnology\app\Controllers\Login.php(11): view('login')
#3 D:\WEB SERVICES\WORKPLACE\CodeIgniter\centurytechnology\vendor\codeigniter4\framework\system\CodeIgniter.php(826): App\Controllers\Login->index()
#4 D:\WEB SERVICES\WORKPLACE\CodeIgniter\centurytechnology\vendor\codeigniter4\framework\system\CodeIgniter.php(412): CodeIgniter\CodeIgniter->runController(Object(App\Controllers\Login))
#5 D:\WEB SERVICES\WORKPLACE\CodeIgniter\centurytechnology\vendor\codeigniter4\framework\system\CodeIgniter.php(320): CodeIgniter\CodeIgniter->handleRequest(NULL, Object(Config\Cache), false)
#6 D:\WEB SERVICES\WORKPLACE\CodeIgniter\centurytechnology\public\index.php(37): CodeIgniter\CodeIgniter->run()
#7 D:\WEB SERVICES\WORKPLACE\CodeIgniter\centurytechnology\vendor\codeigniter4\framework\system\Commands\Server\rewrite.php(43): require_once('D:\\WEB SERVICES...')
#8 {main}
CRITICAL - 2022-01-06 13:57:53 --> Invalid file: login.php
#0 D:\WEB SERVICES\WORKPLACE\CodeIgniter\centurytechnology\vendor\codeigniter4\framework\system\View\View.php(198): CodeIgniter\Exceptions\FrameworkException::forInvalidFile('login.php')
#1 D:\WEB SERVICES\WORKPLACE\CodeIgniter\centurytechnology\vendor\codeigniter4\framework\system\Common.php(1097): CodeIgniter\View\View->render('login', Array, true)
#2 D:\WEB SERVICES\WORKPLACE\CodeIgniter\centurytechnology\app\Controllers\Login.php(11): view('login')
#3 D:\WEB SERVICES\WORKPLACE\CodeIgniter\centurytechnology\vendor\codeigniter4\framework\system\CodeIgniter.php(826): App\Controllers\Login->index()
#4 D:\WEB SERVICES\WORKPLACE\CodeIgniter\centurytechnology\vendor\codeigniter4\framework\system\CodeIgniter.php(412): CodeIgniter\CodeIgniter->runController(Object(App\Controllers\Login))
#5 D:\WEB SERVICES\WORKPLACE\CodeIgniter\centurytechnology\vendor\codeigniter4\framework\system\CodeIgniter.php(320): CodeIgniter\CodeIgniter->handleRequest(NULL, Object(Config\Cache), false)
#6 D:\WEB SERVICES\WORKPLACE\CodeIgniter\centurytechnology\public\index.php(37): CodeIgniter\CodeIgniter->run()
#7 D:\WEB SERVICES\WORKPLACE\CodeIgniter\centurytechnology\vendor\codeigniter4\framework\system\Commands\Server\rewrite.php(43): require_once('D:\\WEB SERVICES...')
#8 {main}
CRITICAL - 2022-01-06 13:57:57 --> Invalid file: login.php
#0 D:\WEB SERVICES\WORKPLACE\CodeIgniter\centurytechnology\vendor\codeigniter4\framework\system\View\View.php(198): CodeIgniter\Exceptions\FrameworkException::forInvalidFile('login.php')
#1 D:\WEB SERVICES\WORKPLACE\CodeIgniter\centurytechnology\vendor\codeigniter4\framework\system\Common.php(1097): CodeIgniter\View\View->render('login', Array, true)
#2 D:\WEB SERVICES\WORKPLACE\CodeIgniter\centurytechnology\app\Controllers\Login.php(11): view('login')
#3 D:\WEB SERVICES\WORKPLACE\CodeIgniter\centurytechnology\vendor\codeigniter4\framework\system\CodeIgniter.php(826): App\Controllers\Login->index()
#4 D:\WEB SERVICES\WORKPLACE\CodeIgniter\centurytechnology\vendor\codeigniter4\framework\system\CodeIgniter.php(412): CodeIgniter\CodeIgniter->runController(Object(App\Controllers\Login))
#5 D:\WEB SERVICES\WORKPLACE\CodeIgniter\centurytechnology\vendor\codeigniter4\framework\system\CodeIgniter.php(320): CodeIgniter\CodeIgniter->handleRequest(NULL, Object(Config\Cache), false)
#6 D:\WEB SERVICES\WORKPLACE\CodeIgniter\centurytechnology\public\index.php(37): CodeIgniter\CodeIgniter->run()
#7 D:\WEB SERVICES\WORKPLACE\CodeIgniter\centurytechnology\vendor\codeigniter4\framework\system\Commands\Server\rewrite.php(43): require_once('D:\\WEB SERVICES...')
#8 {main}
CRITICAL - 2022-01-06 13:59:37 --> Invalid file: dshboard/login.php
#0 D:\WEB SERVICES\WORKPLACE\CodeIgniter\centurytechnology\vendor\codeigniter4\framework\system\View\View.php(198): CodeIgniter\Exceptions\FrameworkException::forInvalidFile('dshboard/login....')
#1 D:\WEB SERVICES\WORKPLACE\CodeIgniter\centurytechnology\vendor\codeigniter4\framework\system\Common.php(1097): CodeIgniter\View\View->render('dshboard/login', Array, true)
#2 D:\WEB SERVICES\WORKPLACE\CodeIgniter\centurytechnology\app\Controllers\Login.php(11): view('dshboard/login')
#3 D:\WEB SERVICES\WORKPLACE\CodeIgniter\centurytechnology\vendor\codeigniter4\framework\system\CodeIgniter.php(826): App\Controllers\Login->index()
#4 D:\WEB SERVICES\WORKPLACE\CodeIgniter\centurytechnology\vendor\codeigniter4\framework\system\CodeIgniter.php(412): CodeIgniter\CodeIgniter->runController(Object(App\Controllers\Login))
#5 D:\WEB SERVICES\WORKPLACE\CodeIgniter\centurytechnology\vendor\codeigniter4\framework\system\CodeIgniter.php(320): CodeIgniter\CodeIgniter->handleRequest(NULL, Object(Config\Cache), false)
#6 D:\WEB SERVICES\WORKPLACE\CodeIgniter\centurytechnology\public\index.php(37): CodeIgniter\CodeIgniter->run()
#7 D:\WEB SERVICES\WORKPLACE\CodeIgniter\centurytechnology\vendor\codeigniter4\framework\system\Commands\Server\rewrite.php(43): require_once('D:\\WEB SERVICES...')
#8 {main}
CRITICAL - 2022-01-06 14:04:45 --> Invalid file: register.php
#0 D:\WEB SERVICES\WORKPLACE\CodeIgniter\centurytechnology\vendor\codeigniter4\framework\system\View\View.php(198): CodeIgniter\Exceptions\FrameworkException::forInvalidFile('register.php')
#1 D:\WEB SERVICES\WORKPLACE\CodeIgniter\centurytechnology\vendor\codeigniter4\framework\system\Common.php(1097): CodeIgniter\View\View->render('register', Array, true)
#2 D:\WEB SERVICES\WORKPLACE\CodeIgniter\centurytechnology\app\Controllers\Register.php(13): view('register', Array)
#3 D:\WEB SERVICES\WORKPLACE\CodeIgniter\centurytechnology\vendor\codeigniter4\framework\system\CodeIgniter.php(826): App\Controllers\Register->index()
#4 D:\WEB SERVICES\WORKPLACE\CodeIgniter\centurytechnology\vendor\codeigniter4\framework\system\CodeIgniter.php(412): CodeIgniter\CodeIgniter->runController(Object(App\Controllers\Register))
#5 D:\WEB SERVICES\WORKPLACE\CodeIgniter\centurytechnology\vendor\codeigniter4\framework\system\CodeIgniter.php(320): CodeIgniter\CodeIgniter->handleRequest(NULL, Object(Config\Cache), false)
#6 D:\WEB SERVICES\WORKPLACE\CodeIgniter\centurytechnology\public\index.php(37): CodeIgniter\CodeIgniter->run()
#7 D:\WEB SERVICES\WORKPLACE\CodeIgniter\centurytechnology\vendor\codeigniter4\framework\system\Commands\Server\rewrite.php(43): require_once('D:\\WEB SERVICES...')
#8 {main}
ERROR - 2022-01-06 15:25:22 --> Unknown column 'full_name' in 'field list'
CRITICAL - 2022-01-06 15:25:22 --> Unknown column 'full_name' in 'field list'
#0 D:\WEB SERVICES\WORKPLACE\CodeIgniter\centurytechnology\vendor\codeigniter4\framework\system\Database\MySQLi\Connection.php(292): mysqli->query('INSERT INTO `co...', 0)
#1 D:\WEB SERVICES\WORKPLACE\CodeIgniter\centurytechnology\vendor\codeigniter4\framework\system\Database\BaseConnection.php(670): CodeIgniter\Database\MySQLi\Connection->execute('INSERT INTO `co...')
#2 D:\WEB SERVICES\WORKPLACE\CodeIgniter\centurytechnology\vendor\codeigniter4\framework\system\Database\BaseConnection.php(598): CodeIgniter\Database\BaseConnection->simpleQuery('INSERT INTO `co...')
#3 D:\WEB SERVICES\WORKPLACE\CodeIgniter\centurytechnology\vendor\codeigniter4\framework\system\Database\BaseBuilder.php(1759): CodeIgniter\Database\BaseConnection->query('INSERT INTO `co...', Array, false)
#4 D:\WEB SERVICES\WORKPLACE\CodeIgniter\centurytechnology\vendor\codeigniter4\framework\system\Model.php(239): CodeIgniter\Database\BaseBuilder->insert()
#5 D:\WEB SERVICES\WORKPLACE\CodeIgniter\centurytechnology\vendor\codeigniter4\framework\system\BaseModel.php(738): CodeIgniter\Model->doInsert(Array)
#6 D:\WEB SERVICES\WORKPLACE\CodeIgniter\centurytechnology\vendor\codeigniter4\framework\system\Model.php(620): CodeIgniter\BaseModel->insert(Array, false)
#7 D:\WEB SERVICES\WORKPLACE\CodeIgniter\centurytechnology\vendor\codeigniter4\framework\system\BaseModel.php(658): CodeIgniter\Model->insert(Array, false)
#8 D:\WEB SERVICES\WORKPLACE\CodeIgniter\centurytechnology\app\Controllers\Contact.php(28): CodeIgniter\BaseModel->save(Array)
#9 D:\WEB SERVICES\WORKPLACE\CodeIgniter\centurytechnology\vendor\codeigniter4\framework\system\CodeIgniter.php(826): App\Controllers\Contact->index()
#10 D:\WEB SERVICES\WORKPLACE\CodeIgniter\centurytechnology\vendor\codeigniter4\framework\system\CodeIgniter.php(412): CodeIgniter\CodeIgniter->runController(Object(App\Controllers\Contact))
#11 D:\WEB SERVICES\WORKPLACE\CodeIgniter\centurytechnology\vendor\codeigniter4\framework\system\CodeIgniter.php(320): CodeIgniter\CodeIgniter->handleRequest(NULL, Object(Config\Cache), false)
#12 D:\WEB SERVICES\WORKPLACE\CodeIgniter\centurytechnology\public\index.php(37): CodeIgniter\CodeIgniter->run()
#13 D:\WEB SERVICES\WORKPLACE\CodeIgniter\centurytechnology\vendor\codeigniter4\framework\system\Commands\Server\rewrite.php(43): require_once('D:\\WEB SERVICES...')
#14 {main}
ERROR - 2022-01-06 15:30:16 --> Unknown column 'phone' in 'field list'
CRITICAL - 2022-01-06 15:30:16 --> Unknown column 'phone' in 'field list'
#0 D:\WEB SERVICES\WORKPLACE\CodeIgniter\centurytechnology\vendor\codeigniter4\framework\system\Database\MySQLi\Connection.php(292): mysqli->query('INSERT INTO `co...', 0)
#1 D:\WEB SERVICES\WORKPLACE\CodeIgniter\centurytechnology\vendor\codeigniter4\framework\system\Database\BaseConnection.php(670): CodeIgniter\Database\MySQLi\Connection->execute('INSERT INTO `co...')
#2 D:\WEB SERVICES\WORKPLACE\CodeIgniter\centurytechnology\vendor\codeigniter4\framework\system\Database\BaseConnection.php(598): CodeIgniter\Database\BaseConnection->simpleQuery('INSERT INTO `co...')
#3 D:\WEB SERVICES\WORKPLACE\CodeIgniter\centurytechnology\vendor\codeigniter4\framework\system\Database\BaseBuilder.php(1759): CodeIgniter\Database\BaseConnection->query('INSERT INTO `co...', Array, false)
#4 D:\WEB SERVICES\WORKPLACE\CodeIgniter\centurytechnology\vendor\codeigniter4\framework\system\Model.php(239): CodeIgniter\Database\BaseBuilder->insert()
#5 D:\WEB SERVICES\WORKPLACE\CodeIgniter\centurytechnology\vendor\codeigniter4\framework\system\BaseModel.php(738): CodeIgniter\Model->doInsert(Array)
#6 D:\WEB SERVICES\WORKPLACE\CodeIgniter\centurytechnology\vendor\codeigniter4\framework\system\Model.php(620): CodeIgniter\BaseModel->insert(Array, false)
#7 D:\WEB SERVICES\WORKPLACE\CodeIgniter\centurytechnology\vendor\codeigniter4\framework\system\BaseModel.php(658): CodeIgniter\Model->insert(Array, false)
#8 D:\WEB SERVICES\WORKPLACE\CodeIgniter\centurytechnology\app\Controllers\Contact.php(28): CodeIgniter\BaseModel->save(Array)
#9 D:\WEB SERVICES\WORKPLACE\CodeIgniter\centurytechnology\vendor\codeigniter4\framework\system\CodeIgniter.php(826): App\Controllers\Contact->index()
#10 D:\WEB SERVICES\WORKPLACE\CodeIgniter\centurytechnology\vendor\codeigniter4\framework\system\CodeIgniter.php(412): CodeIgniter\CodeIgniter->runController(Object(App\Controllers\Contact))
#11 D:\WEB SERVICES\WORKPLACE\CodeIgniter\centurytechnology\vendor\codeigniter4\framework\system\CodeIgniter.php(320): CodeIgniter\CodeIgniter->handleRequest(NULL, Object(Config\Cache), false)
#12 D:\WEB SERVICES\WORKPLACE\CodeIgniter\centurytechnology\public\index.php(37): CodeIgniter\CodeIgniter->run()
#13 D:\WEB SERVICES\WORKPLACE\CodeIgniter\centurytechnology\vendor\codeigniter4\framework\system\Commands\Server\rewrite.php(43): require_once('D:\\WEB SERVICES...')
#14 {main}
CRITICAL - 2022-01-06 15:51:28 --> Call to undefined method CodeIgniter\Session\Session::getFlashedData()
#0 D:\WEB SERVICES\WORKPLACE\CodeIgniter\centurytechnology\vendor\codeigniter4\framework\system\View\View.php(214): include()
#1 D:\WEB SERVICES\WORKPLACE\CodeIgniter\centurytechnology\vendor\codeigniter4\framework\system\View\View.php(217): CodeIgniter\View\View->CodeIgniter\View\{closure}()
#2 D:\WEB SERVICES\WORKPLACE\CodeIgniter\centurytechnology\vendor\codeigniter4\framework\system\View\View.php(230): CodeIgniter\View\View->render('templates/base', Array, true)
#3 D:\WEB SERVICES\WORKPLACE\CodeIgniter\centurytechnology\vendor\codeigniter4\framework\system\Common.php(1097): CodeIgniter\View\View->render('pages/contact', Array, true)
#4 D:\WEB SERVICES\WORKPLACE\CodeIgniter\centurytechnology\app\Controllers\Contact.php(48): view('pages/contact', Array)
#5 D:\WEB SERVICES\WORKPLACE\CodeIgniter\centurytechnology\vendor\codeigniter4\framework\system\CodeIgniter.php(826): App\Controllers\Contact->index()
#6 D:\WEB SERVICES\WORKPLACE\CodeIgniter\centurytechnology\vendor\codeigniter4\framework\system\CodeIgniter.php(412): CodeIgniter\CodeIgniter->runController(Object(App\Controllers\Contact))
#7 D:\WEB SERVICES\WORKPLACE\CodeIgniter\centurytechnology\vendor\codeigniter4\framework\system\CodeIgniter.php(320): CodeIgniter\CodeIgniter->handleRequest(NULL, Object(Config\Cache), false)
#8 D:\WEB SERVICES\WORKPLACE\CodeIgniter\centurytechnology\public\index.php(37): CodeIgniter\CodeIgniter->run()
#9 D:\WEB SERVICES\WORKPLACE\CodeIgniter\centurytechnology\vendor\codeigniter4\framework\system\Commands\Server\rewrite.php(43): require_once('D:\\WEB SERVICES...')
#10 {main}
