ERROR - 2022-01-07 09:48:12 --> Error connecting to the database: No connection could be made because the target machine actively refused it.

CRITICAL - 2022-01-07 09:48:12 --> Unable to connect to the database.
Main connection [MySQLi]: No connection could be made because the target machine actively refused it.

#0 D:\WEB SERVICES\WORKPLACE\CodeIgniter\centurytechnology\vendor\codeigniter4\framework\system\Database\BaseConnection.php(577): CodeIgniter\Database\BaseConnection->initialize()
#1 D:\WEB SERVICES\WORKPLACE\CodeIgniter\centurytechnology\vendor\codeigniter4\framework\system\Database\BaseBuilder.php(1443): CodeIgniter\Database\BaseConnection->query('SELECT *\nFROM `...', Array, false)
#2 D:\WEB SERVICES\WORKPLACE\CodeIgniter\centurytechnology\vendor\codeigniter4\framework\system\Model.php(210): CodeIgniter\Database\BaseBuilder->get()
#3 D:\WEB SERVICES\WORKPLACE\CodeIgniter\centurytechnology\vendor\codeigniter4\framework\system\BaseModel.php(622): CodeIgniter\Model->doFirst()
#4 D:\WEB SERVICES\WORKPLACE\CodeIgniter\centurytechnology\app\Controllers\SigninController.php(25): CodeIgniter\BaseModel->first()
#5 D:\WEB SERVICES\WORKPLACE\CodeIgniter\centurytechnology\vendor\codeigniter4\framework\system\CodeIgniter.php(826): App\Controllers\SigninController->loginAuth()
#6 D:\WEB SERVICES\WORKPLACE\CodeIgniter\centurytechnology\vendor\codeigniter4\framework\system\CodeIgniter.php(412): CodeIgniter\CodeIgniter->runController(Object(App\Controllers\SigninController))
#7 D:\WEB SERVICES\WORKPLACE\CodeIgniter\centurytechnology\vendor\codeigniter4\framework\system\CodeIgniter.php(320): CodeIgniter\CodeIgniter->handleRequest(NULL, Object(Config\Cache), false)
#8 D:\WEB SERVICES\WORKPLACE\CodeIgniter\centurytechnology\public\index.php(37): CodeIgniter\CodeIgniter->run()
#9 D:\WEB SERVICES\WORKPLACE\CodeIgniter\centurytechnology\vendor\codeigniter4\framework\system\Commands\Server\rewrite.php(43): require_once('D:\\WEB SERVICES...')
#10 {main}
CRITICAL - 2022-01-07 12:15:51 --> Call to a member function move() on null
#0 D:\WEB SERVICES\WORKPLACE\CodeIgniter\centurytechnology\vendor\codeigniter4\framework\system\CodeIgniter.php(826): App\Controllers\Posts->create()
#1 D:\WEB SERVICES\WORKPLACE\CodeIgniter\centurytechnology\vendor\codeigniter4\framework\system\CodeIgniter.php(412): CodeIgniter\CodeIgniter->runController(Object(App\Controllers\Posts))
#2 D:\WEB SERVICES\WORKPLACE\CodeIgniter\centurytechnology\vendor\codeigniter4\framework\system\CodeIgniter.php(320): CodeIgniter\CodeIgniter->handleRequest(NULL, Object(Config\Cache), false)
#3 D:\WEB SERVICES\WORKPLACE\CodeIgniter\centurytechnology\public\index.php(37): CodeIgniter\CodeIgniter->run()
#4 D:\WEB SERVICES\WORKPLACE\CodeIgniter\centurytechnology\vendor\codeigniter4\framework\system\Commands\Server\rewrite.php(43): require_once('D:\\WEB SERVICES...')
#5 {main}
CRITICAL - 2022-01-07 15:33:49 --> Invalid file: dashboard.php
#0 D:\WEB SERVICES\WORKPLACE\CodeIgniter\centurytechnology\vendor\codeigniter4\framework\system\View\View.php(198): CodeIgniter\Exceptions\FrameworkException::forInvalidFile('dashboard.php')
#1 D:\WEB SERVICES\WORKPLACE\CodeIgniter\centurytechnology\vendor\codeigniter4\framework\system\Common.php(1097): CodeIgniter\View\View->render('dashboard', Array, true)
#2 D:\WEB SERVICES\WORKPLACE\CodeIgniter\centurytechnology\app\Controllers\Posts.php(18): view('dashboard', Array)
#3 D:\WEB SERVICES\WORKPLACE\CodeIgniter\centurytechnology\vendor\codeigniter4\framework\system\CodeIgniter.php(826): App\Controllers\Posts->index()
#4 D:\WEB SERVICES\WORKPLACE\CodeIgniter\centurytechnology\vendor\codeigniter4\framework\system\CodeIgniter.php(412): CodeIgniter\CodeIgniter->runController(Object(App\Controllers\Posts))
#5 D:\WEB SERVICES\WORKPLACE\CodeIgniter\centurytechnology\vendor\codeigniter4\framework\system\CodeIgniter.php(320): CodeIgniter\CodeIgniter->handleRequest(NULL, Object(Config\Cache), false)
#6 D:\WEB SERVICES\WORKPLACE\CodeIgniter\centurytechnology\public\index.php(37): CodeIgniter\CodeIgniter->run()
#7 D:\WEB SERVICES\WORKPLACE\CodeIgniter\centurytechnology\vendor\codeigniter4\framework\system\Commands\Server\rewrite.php(43): require_once('D:\\WEB SERVICES...')
#8 {main}
CRITICAL - 2022-01-07 18:29:49 --> Call to a member function paginate() on array
#0 D:\WEB SERVICES\WORKPLACE\CodeIgniter\centurytechnology\vendor\codeigniter4\framework\system\CodeIgniter.php(826): App\Controllers\Pages->articles()
#1 D:\WEB SERVICES\WORKPLACE\CodeIgniter\centurytechnology\vendor\codeigniter4\framework\system\CodeIgniter.php(412): CodeIgniter\CodeIgniter->runController(Object(App\Controllers\Pages))
#2 D:\WEB SERVICES\WORKPLACE\CodeIgniter\centurytechnology\vendor\codeigniter4\framework\system\CodeIgniter.php(320): CodeIgniter\CodeIgniter->handleRequest(NULL, Object(Config\Cache), false)
#3 D:\WEB SERVICES\WORKPLACE\CodeIgniter\centurytechnology\public\index.php(37): CodeIgniter\CodeIgniter->run()
#4 D:\WEB SERVICES\WORKPLACE\CodeIgniter\centurytechnology\vendor\codeigniter4\framework\system\Commands\Server\rewrite.php(43): require_once('D:\\WEB SERVICES...')
#5 {main}
CRITICAL - 2022-01-07 18:34:17 --> Call to a member function paginate() on array
#0 D:\WEB SERVICES\WORKPLACE\CodeIgniter\centurytechnology\vendor\codeigniter4\framework\system\CodeIgniter.php(826): App\Controllers\Pages->articles()
#1 D:\WEB SERVICES\WORKPLACE\CodeIgniter\centurytechnology\vendor\codeigniter4\framework\system\CodeIgniter.php(412): CodeIgniter\CodeIgniter->runController(Object(App\Controllers\Pages))
#2 D:\WEB SERVICES\WORKPLACE\CodeIgniter\centurytechnology\vendor\codeigniter4\framework\system\CodeIgniter.php(320): CodeIgniter\CodeIgniter->handleRequest(NULL, Object(Config\Cache), false)
#3 D:\WEB SERVICES\WORKPLACE\CodeIgniter\centurytechnology\public\index.php(37): CodeIgniter\CodeIgniter->run()
#4 D:\WEB SERVICES\WORKPLACE\CodeIgniter\centurytechnology\vendor\codeigniter4\framework\system\Commands\Server\rewrite.php(43): require_once('D:\\WEB SERVICES...')
#5 {main}
CRITICAL - 2022-01-07 18:46:15 --> Call to a member function paginate() on array
#0 D:\WEB SERVICES\WORKPLACE\CodeIgniter\centurytechnology\app\Controllers\Pages.php(79): App\Models\PostsModel->getPosts()
#1 D:\WEB SERVICES\WORKPLACE\CodeIgniter\centurytechnology\vendor\codeigniter4\framework\system\CodeIgniter.php(826): App\Controllers\Pages->articles()
#2 D:\WEB SERVICES\WORKPLACE\CodeIgniter\centurytechnology\vendor\codeigniter4\framework\system\CodeIgniter.php(412): CodeIgniter\CodeIgniter->runController(Object(App\Controllers\Pages))
#3 D:\WEB SERVICES\WORKPLACE\CodeIgniter\centurytechnology\vendor\codeigniter4\framework\system\CodeIgniter.php(320): CodeIgniter\CodeIgniter->handleRequest(NULL, Object(Config\Cache), false)
#4 D:\WEB SERVICES\WORKPLACE\CodeIgniter\centurytechnology\public\index.php(37): CodeIgniter\CodeIgniter->run()
#5 D:\WEB SERVICES\WORKPLACE\CodeIgniter\centurytechnology\vendor\codeigniter4\framework\system\Commands\Server\rewrite.php(43): require_once('D:\\WEB SERVICES...')
#6 {main}
